<?xml version="1.0" encoding="UTF-8"?>
<!-- Generated by org.testng.reporters.JUnitReportReporter -->
<testsuite skipped="6" hostname="Chandan" name="com.ort.qa.testcases.CreateCaseFlowPageTest" tests="7" failures="0" timestamp="28 Jun 2021 16:19:29 GMT" time="0.186" errors="1">
  <testcase name="setUp" time="0.186" classname="com.ort.qa.testcases.CreateCaseFlowPageTest">
    <error type="java.lang.IllegalStateException" message="The driver executable does not exist: C:\SeleniumDriver\chromedriver.exe">
      <![CDATA[java.lang.IllegalStateException: The driver executable does not exist: C:\SeleniumDriver\chromedriver.exe
at com.google.common.base.Preconditions.checkState(Preconditions.java:585)
at org.openqa.selenium.remote.service.DriverService.checkExecutable(DriverService.java:146)
at org.openqa.selenium.remote.service.DriverService.findExecutable(DriverService.java:141)
at org.openqa.selenium.chrome.ChromeDriverService.access$000(ChromeDriverService.java:35)
at org.openqa.selenium.chrome.ChromeDriverService$Builder.findDefaultExecutable(ChromeDriverService.java:159)
at org.openqa.selenium.remote.service.DriverService$Builder.build(DriverService.java:355)
at org.openqa.selenium.chrome.ChromeDriverService.createDefaultService(ChromeDriverService.java:94)
at org.openqa.selenium.chrome.ChromeDriver.<init>(ChromeDriver.java:123)
at com.ort.qa.base.TestBase.initialization(TestBase.java:66)
at com.ort.qa.testcases.CreateCaseFlowPageTest.setUp(CreateCaseFlowPageTest.java:35)
at sun.reflect.NativeMethodAccessorImpl.invoke0(Native Method)
at sun.reflect.NativeMethodAccessorImpl.invoke(NativeMethodAccessorImpl.java:62)
at sun.reflect.DelegatingMethodAccessorImpl.invoke(DelegatingMethodAccessorImpl.java:43)
at java.lang.reflect.Method.invoke(Method.java:498)
at org.testng.internal.MethodInvocationHelper.invokeMethod(MethodInvocationHelper.java:124)
at org.testng.internal.MethodInvocationHelper.invokeMethodConsideringTimeout(MethodInvocationHelper.java:59)
at org.testng.internal.Invoker.invokeConfigurationMethod(Invoker.java:455)
at org.testng.internal.Invoker.invokeConfigurations(Invoker.java:222)
at org.testng.internal.Invoker.invokeConfigurations(Invoker.java:142)
at org.testng.TestRunner.beforeRun(TestRunner.java:529)
at org.testng.TestRunner.run(TestRunner.java:497)
at org.testng.SuiteRunner.runTest(SuiteRunner.java:455)
at org.testng.SuiteRunner.runSequentially(SuiteRunner.java:450)
at org.testng.SuiteRunner.privateRun(SuiteRunner.java:415)
at org.testng.SuiteRunner.run(SuiteRunner.java:364)
at org.testng.SuiteRunnerWorker.runSuite(SuiteRunnerWorker.java:52)
at org.testng.SuiteRunnerWorker.run(SuiteRunnerWorker.java:84)
at org.testng.TestNG.runSuitesSequentially(TestNG.java:1208)
at org.testng.TestNG.runSuitesLocally(TestNG.java:1137)
at org.testng.TestNG.runSuites(TestNG.java:1049)
at org.testng.TestNG.run(TestNG.java:1017)
at org.testng.remote.AbstractRemoteTestNG.run(AbstractRemoteTestNG.java:114)
at org.testng.remote.RemoteTestNG.initAndRun(RemoteTestNG.java:251)
at org.testng.remote.RemoteTestNG.main(RemoteTestNG.java:77)
]]>
    </error>
  </testcase> <!-- setUp -->
  <testcase name="createCaseFindPatientLongFlowTest" time="0.000" classname="com.ort.qa.testcases.CreateCaseFlowPageTest">
    <skipped/>
  </testcase> <!-- createCaseFindPatientLongFlowTest -->
  <testcase name="createCaseFindPatientLongFlowTest" time="0.000" classname="com.ort.qa.testcases.CreateCaseFlowPageTest">
    <skipped/>
  </testcase> <!-- createCaseFindPatientLongFlowTest -->
  <testcase name="createCasePreferenceCardFlowTest" time="0.000" classname="com.ort.qa.testcases.CreateCaseFlowPageTest">
    <skipped/>
  </testcase> <!-- createCasePreferenceCardFlowTest -->
  <testcase name="createCasePreferenceCardFlowTest" time="0.000" classname="com.ort.qa.testcases.CreateCaseFlowPageTest">
    <skipped/>
  </testcase> <!-- createCasePreferenceCardFlowTest -->
  <testcase name="createCaseProcedureSelectionFlowTest" time="0.000" classname="com.ort.qa.testcases.CreateCaseFlowPageTest">
    <skipped/>
  </testcase> <!-- createCaseProcedureSelectionFlowTest -->
  <testcase name="createCaseProcedureSelectionFlowTest" time="0.000" classname="com.ort.qa.testcases.CreateCaseFlowPageTest">
    <skipped/>
  </testcase> <!-- createCaseProcedureSelectionFlowTest -->
</testsuite> <!-- com.ort.qa.testcases.CreateCaseFlowPageTest -->
